<?xml version="1.0" encoding="UTF-8"?>
<testng-results skipped="0" failed="0" ignored="0" total="2" passed="2">
  <reporter-output>
  </reporter-output>
  <suite name="Suite" duration-ms="26" started-at="2021-05-29T18:30:00 IST" finished-at="2021-05-29T18:30:00 IST">
    <groups>
    </groups>
    <test name="Test" duration-ms="26" started-at="2021-05-29T18:30:00 IST" finished-at="2021-05-29T18:30:00 IST">
      <class name="MavenJava.MavenTest.test2">
        <test-method status="PASS" signature="firefoxbrowser()[pri:0, instance:MavenJava.MavenTest.test2@3e9b1010]" name="firefoxbrowser" duration-ms="0" started-at="2021-05-29T18:30:00 IST" finished-at="2021-05-29T18:30:00 IST">
          <reporter-output>
          </reporter-output>
        </test-method> <!-- firefoxbrowser -->
      </class> <!-- MavenJava.MavenTest.test2 -->
      <class name="MavenJava.MavenTest.test1">
        <test-method status="PASS" signature="browserchrome()[pri:0, instance:MavenJava.MavenTest.test1@5abca1e0]" name="browserchrome" duration-ms="3" started-at="2021-05-29T18:30:00 IST" finished-at="2021-05-29T18:30:00 IST">
          <reporter-output>
          </reporter-output>
        </test-method> <!-- browserchrome -->
      </class> <!-- MavenJava.MavenTest.test1 -->
    </test> <!-- Test -->
  </suite> <!-- Suite -->
</testng-results>
